<!DOCTYPE html PUBLIC "-//W3C//DTD XHTML 1.1//EN" "https://www.w3.org/TR/xhtml11/DTD/xhtml11.dtd">
<html xmlns="https://www.w3.org/1999/xhtml">
<head>
<meta charset='utf-8'>
<title>TestNG Report</title>
<style type="text/css">
table {margin-bottom:10px;border-collapse:collapse;empty-cells:show}
td,th {border:1px solid #009;padding:.25em .5em}
.result th {vertical-align:bottom}
.param th {padding-left:1em;padding-right:1em}
.param td {padding-left:.5em;padding-right:2em}
.stripe td,.stripe th {background-color: #E6EBF9}
.numi,.numi_attn {text-align:right}
.total td {font-weight:bold}
.passedodd td {background-color: #0A0}
.passedeven td {background-color: #3F3}
.skippedodd td {background-color: #CCC}
.skippedodd td {background-color: #DDD}
.failedodd td,.numi_attn {background-color: #F33}
.failedeven td,.stripe .numi_attn {background-color: #D00}
.stacktrace {white-space:pre;font-family:monospace}
.totop {font-size:85%;text-align:center;border-bottom:2px solid #000}
</style>
</head>
<body>
<table cellspacing="0" cellpadding="0" class="testOverview">
<tr><th>Test</th><th>Methods<br/>Passed</th><th>Scenarios<br/>Passed</th><th># skipped</th><th># failed</th><th>Total<br/>Time</th><th>Included<br/>Groups</th><th>Excluded<br/>Groups</th></tr>
<tr><td style="text-align:left;padding-right:2em"><a href="#t1">Smoke Test 1</a></td><td class="numi">46</td><td class="numi">43</td><td class="numi_attn">3</td><td class="numi_attn">21</td><td class="numi">531,7 seconds</td><td class="numi"></td><td class="numi"></td></tr>
</table>
<table cellspacing="0" cellpadding="0" class="methodOverview" id="summary">
<tr><th>Class</th><th>Method</th><th># of<br/>Scenarios</th><th>Start</th><th>Time<br/>(ms)</th></tr>
<tr id="t1"><th colspan="5">Smoke Test 1 &#8212; failed</th></tr>
<tr class="failedodd"><td>myapp.tests.practices.MedunnaPatient</td><td><a href="#m1"><b>medunnaPatient</b>  </a></td><td class="numi">2</td><td>1699392528580</td><td class="numi">274537</td></tr>
<tr class="failedeven"><td>myapp.tests.listeners.Day18_ListenersTest</td><td><a href="#m2"><b>test2</b>  </a></td><td class="numi">1</td><td>1699392610547</td><td class="numi">3</td></tr>
<tr class="failedodd"><td>myapp.tests.excelautomation.Day16_ExcelTest</td><td><a href="#m3"><b>userCreationTest</b>  </a></td><td class="numi">1</td><td>1699392625076</td><td class="numi">32432</td></tr>
<tr class="failedeven"><td>myapp.ahmetBeyHomework.Day16_ExcelTest_UserStory1</td><td><a href="#m4"><b>userCreationTest</b>  </a></td><td class="numi">1</td><td>1699392646352</td><td class="numi">20297</td></tr>
<tr class="failedodd"><td>myapp.tests.practices.MedunnaPatient</td><td><a href="#m5"><b>medunnaPatient</b>  </a></td><td class="numi">2</td><td>1699392528580</td><td class="numi">274537</td></tr>
<tr class="failedeven"><td>myapp.ahmetBeyHomework.UserStory2_US100208_Negative_Login</td><td><a href="#m6"><b>US100208_Negative_Login</b>  </a></td><td class="numi">1</td><td>1699392388147</td><td class="numi">47370</td></tr>
<tr class="failedodd"><td>myapp.tests.practices.MedunnaPatient</td><td><a href="#m7"><b>medunnaPatient</b>  </a></td><td class="numi">2</td><td>1699392528580</td><td class="numi">274537</td></tr>
<tr class="failedeven"><td>myapp.ahmetBeyHomework.Day17_DataProvider2_UserStory1</td><td><a href="#m8"><b>userCreationTest</b>  </a></td><td class="numi">1</td><td>1699392626016</td><td class="numi">20064</td></tr>
<tr class="failedodd"><td>myapp.tests.topics.Day15_OrangeHRMLogin</td><td><a href="#m9"><b>loginTest</b>  </a></td><td class="numi">1</td><td>1699392510755</td><td class="numi">114487</td></tr>
<tr class="failedeven"><td>myapp.ahmetBeyHomework.Day17_DataProvider2_UserStory1</td><td><a href="#m10"><b>userCreationTest</b>  </a></td><td class="numi">1</td><td>1699392626016</td><td class="numi">20064</td></tr>
<tr class="failedodd"><td>myapp.tests.practices.MedunnaPatient</td><td><a href="#m11"><b>medunnaPatient</b>  </a></td><td class="numi">2</td><td>1699392528580</td><td class="numi">274537</td></tr>
<tr class="failedeven"><td>myapp.ahmetBeyHomework.Day17_DataProvider2_UserStory1</td><td><a href="#m12"><b>userCreationTest</b>  </a></td><td class="numi">1</td><td>1699392626016</td><td class="numi">20064</td></tr>
<tr class="failedodd"><td>myapp.tests.topics.Day13_SoftAssertion</td><td><a href="#m13"><b>hardAssert</b>  </a></td><td class="numi">1</td><td>1699392489877</td><td class="numi">6</td></tr>
<tr class="failedeven"><td>myapp.tests.topics.Day13_DependsOnGroups</td><td><a href="#m14"><b>searchTest</b> (smoke-test) </a></td><td class="numi">1</td><td>1699392452377</td><td class="numi">162</td></tr>
<tr class="failedodd"><td>myapp.tests.practices.XYZBankTest</td><td><a href="#m15"><b>xyzBankTest</b>  </a></td><td class="numi">1</td><td>1699392854166</td><td class="numi">41652</td></tr>
<tr class="failedeven"><td>myapp.tests.topics.Day13_DependsOnMethods</td><td><a href="#m16"><b>searchTest</b>  </a></td><td class="numi">1</td><td>1699392489924</td><td class="numi">0</td></tr>
<tr class="failedodd"><td>myapp.ahmetBeyHomework.Day17_DataProvider2_UserStory1</td><td><a href="#m17"><b>userCreationTest</b>  </a></td><td class="numi">1</td><td>1699392626016</td><td class="numi">20064</td></tr>
<tr class="failedeven"><td>myapp.tests.listeners.Day18_ListenersTest</td><td><a href="#m18"><b>test4</b>  </a></td><td class="numi">1</td><td>1699392610555</td><td class="numi">35776</td></tr>
<tr class="failedodd"><td rowspan="2">myapp.tests.topics.Day13_SoftAssertion</td><td><a href="#m19"><b>javaAssert</b>  </a></td><td class="numi">1</td><td>1699392489891</td><td class="numi">0</td></tr><tr class="failedodd"><td><a href="#m20"><b>softAssertion</b>  </a></td><td class="numi">1</td><td>1699392489898</td><td class="numi">20</td></tr>
<tr class="failedeven"><td>myapp.tests.practices.MedunnaPatient</td><td><a href="#m21"><b>medunnaPatient</b>  </a></td><td class="numi">2</td><td>1699392528580</td><td class="numi">274537</td></tr>
<tr><th colspan="5">Smoke Test 1 &#8212; skipped</th></tr>
<tr class="skippedodd"><td>myapp.tests.topics.Day13_DependsOnMethods</td><td><a href="#m22"><b>checkOutTest</b>  </a></td><td class="numi">1</td><td>1699392489986</td><td class="numi">1</td></tr>
<tr class="skippedeven"><td>myapp.tests.topics.Day13_DependsOnGroups</td><td><a href="#m23"><b>logOutTest</b>  </a></td><td class="numi">1</td><td>1699392490100</td><td class="numi">0</td></tr>
<tr class="skippedodd"><td>myapp.tests.listeners.Day18_ListenersTest</td><td><a href="#m24"><b>test3</b>  </a></td><td class="numi">1</td><td>1699392610552</td><td class="numi">2</td></tr>
<tr><th colspan="5">Smoke Test 1 &#8212; passed</th></tr>
<tr class="passedodd"><td>myapp.ahmetBeyHomework.UserStory5_RequireUsertoLoginForReservation</td><td><a href="#m25"><b>test01</b>  </a></td><td class="numi">1</td><td>1699392538142</td><td class="numi">86916</td></tr>
<tr class="passedeven"><td>myapp.ahmetBeyHomework.TechproLoginTest</td><td><a href="#m26"><b>loginTest</b>  </a></td><td class="numi">1</td><td>1699392490110</td><td class="numi">29939</td></tr>
<tr class="passedodd"><td>myapp.tests.practices.MedunnaPatient</td><td><a href="#m27"><b>medunnaPatient</b>  </a></td><td class="numi">3</td><td>1699392555442</td><td class="numi">341259</td></tr>
<tr class="passedeven"><td>myapp.tests.smoketest.Day15_US100201_Admin_Login</td><td><a href="#m28"><b>withReusableMethods</b>  </a></td><td class="numi">1</td><td>1699392471128</td><td class="numi">57121</td></tr>
<tr class="passedodd"><td>myapp.tests.dataprovider.Day16_DataProvider1</td><td><a href="#m29"><b>employeeCredentialsTest</b>  </a></td><td class="numi">4</td><td>1699392488811</td><td class="numi">39</td></tr>
<tr class="passedeven"><td>myapp.tests.practices.MedunnaPatient</td><td><a href="#m30"><b>medunnaPatient</b>  </a></td><td class="numi">3</td><td>1699392555442</td><td class="numi">341259</td></tr>
<tr class="passedodd"><td>myapp.tests.dataprovider.Day16_DataProvider1</td><td><a href="#m31"><b>excelEmployeeDataTest</b>  </a></td><td class="numi">3</td><td>1699392489652</td><td class="numi">13</td></tr>
<tr class="passedeven"><td>myapp.tests.practices.MedunnaPatient</td><td><a href="#m32"><b>medunnaPatient</b>  </a></td><td class="numi">3</td><td>1699392555442</td><td class="numi">341259</td></tr>
<tr class="passedodd"><td>myapp.tests.topics.Day13_DependsOnGroups</td><td><a href="#m33"><b>homePageTest</b> (smoke-test) </a></td><td class="numi">1</td><td>1699392452368</td><td class="numi">3</td></tr>
<tr class="passedeven"><td>myapp.tests.topics.Day13_Annotations</td><td><a href="#m34"><b>test1</b> (minor_regression_group) </a></td><td class="numi">1</td><td>1699392892165</td><td class="numi">8</td></tr>
<tr class="passedodd"><td>myapp.ahmetBeyHomework.Day17_DataProvider2_UserStory1</td><td><a href="#m35"><b>userCreationTest</b>  </a></td><td class="numi">3</td><td>1699392646088</td><td class="numi">208070</td></tr>
<tr class="passedeven"><td>myapp.tests.dataprovider.Day16_DataProvider1</td><td><a href="#m36"><b>test2</b> (minor_regression_group) </a></td><td class="numi">3</td><td>1699392489739</td><td class="numi">126</td></tr>
<tr class="passedodd"><td>myapp.tests.topics.Day13_DependsOnMethods</td><td><a href="#m37"><b>homePageTest</b>  </a></td><td class="numi">1</td><td>1699392489923</td><td class="numi">0</td></tr>
<tr class="passedeven"><td>myapp.ahmetBeyHomework.UserStory3_US413123_Bad_Credentials</td><td><a href="#m38"><b>US413123_Bad_Credentials</b>  </a></td><td class="numi">1</td><td>1699392435574</td><td class="numi">37719</td></tr>
<tr class="passedodd"><td>myapp.tests.dataprovider.Day17_DataProvider2</td><td><a href="#m39"><b>userCreationWithDataProvider</b>  </a></td><td class="numi">4</td><td>1699392666824</td><td class="numi">252779</td></tr>
<tr class="passedeven"><td>myapp.ahmetBeyHomework.TechproLoginTest</td><td><a href="#m40"><b>withReasubleMethodLoginTest</b>  </a></td><td class="numi">1</td><td>1699392520053</td><td class="numi">18079</td></tr>
<tr class="passedodd"><td rowspan="2">myapp.tests.dataprovider.Day16_DataProvider1</td><td><a href="#m41"><b>employeeCredentialsTest</b>  </a></td><td class="numi">4</td><td>1699392488811</td><td class="numi">39</td></tr><tr class="passedodd"><td><a href="#m42"><b>test1</b>  </a></td><td class="numi">5</td><td>1699392489689</td><td class="numi">31</td></tr>
<tr class="passedeven"><td>myapp.tests.smoketest.Day15_US100201_Admin_Login</td><td><a href="#m43"><b>US100201_Admin_Login</b> (minor_regression_group) </a></td><td class="numi">1</td><td>1699392388162</td><td class="numi">82900</td></tr>
<tr class="passedodd"><td>myapp.ahmetBeyHomework.Day17_DataProvider2_UserStory1</td><td><a href="#m44"><b>userCreationTest</b>  </a></td><td class="numi">3</td><td>1699392646088</td><td class="numi">208070</td></tr>
<tr class="passedeven"><td>myapp.tests.dataprovider.Day16_DataProvider1</td><td><a href="#m45"><b>test1</b>  </a></td><td class="numi">5</td><td>1699392489689</td><td class="numi">31</td></tr>
<tr class="passedodd"><td>myapp.tests.practices.MedunnaPatient</td><td><a href="#m46"><b>medunnaPatient</b>  </a></td><td class="numi">3</td><td>1699392555442</td><td class="numi">341259</td></tr>
<tr class="passedeven"><td>myapp.tests.excelautomation.Day16_ExcelTest</td><td><a href="#m47"><b>userCreationWithExcel</b>  </a></td><td class="numi">1</td><td>1699392657515</td><td class="numi">234621</td></tr>
<tr class="passedodd"><td>myapp.tests.topics.Day14_ConfigReaderTest</td><td><a href="#m48"><b>configReaderTest</b>  </a></td><td class="numi">1</td><td>1699392452567</td><td class="numi">36125</td></tr>
<tr class="passedeven"><td>myapp.tests.dataprovider.Day16_DataProvider1</td><td><a href="#m49"><b>test1</b>  </a></td><td class="numi">5</td><td>1699392489689</td><td class="numi">31</td></tr>
<tr class="passedodd"><td>myapp.tests.topics.Day13_DependsOnGroups</td><td><a href="#m50"><b>checkOutTest</b> (regression-test) </a></td><td class="numi">1</td><td>1699392452317</td><td class="numi">4</td></tr>
<tr class="passedeven"><td>myapp.ahmetBeyHomework.Day17_DataProvider2_UserStory1</td><td><a href="#m51"><b>userCreationTest</b>  </a></td><td class="numi">3</td><td>1699392646088</td><td class="numi">208070</td></tr>
<tr class="passedodd"><td rowspan="2">myapp.tests.dataprovider.Day16_DataProvider1</td><td><a href="#m52"><b>employeeCredentialsTest</b>  </a></td><td class="numi">4</td><td>1699392488811</td><td class="numi">39</td></tr><tr class="passedodd"><td><a href="#m53"><b>excelEmployeeDataTest</b>  </a></td><td class="numi">3</td><td>1699392489652</td><td class="numi">13</td></tr>
<tr class="passedeven"><td>myapp.ahmetBeyHomework.Day16_ExcelTest_UserStory2</td><td><a href="#m54"><b>Test</b>  </a></td><td class="numi">1</td><td>1699392388147</td><td class="numi">222375</td></tr>
<tr class="passedodd"><td>myapp.tests.dataprovider.Day17_DataProvider2</td><td><a href="#m55"><b>userCreationWithDataProvider</b>  </a></td><td class="numi">4</td><td>1699392666824</td><td class="numi">252779</td></tr>
<tr class="passedeven"><td>myapp.tests.dataprovider.Day16_DataProvider1</td><td><a href="#m56"><b>excelEmployeeDataTest</b>  </a></td><td class="numi">3</td><td>1699392489652</td><td class="numi">13</td></tr>
<tr class="passedodd"><td>myapp.ahmetBeyHomework.Day17_DataProvider2_UserStory1</td><td><a href="#m57"><b>userCreationTest</b>  </a></td><td class="numi">3</td><td>1699392646088</td><td class="numi">208070</td></tr>
<tr class="passedeven"><td>myapp.tests.topics.Day14_DriverTest</td><td><a href="#m58"><b>driverTest</b>  </a></td><td class="numi">1</td><td>1699392473306</td><td class="numi">37441</td></tr>
<tr class="passedodd"><td>myapp.ahmetBeyHomework.UserStory4_LoginScreenErrorMessages</td><td><a href="#m59"><b>LoginScreenErrorMessages</b>  </a></td><td class="numi">1</td><td>1699392388147</td><td class="numi">64037</td></tr>
<tr class="passedeven"><td>myapp.tests.dataprovider.Day17_DataProvider2</td><td><a href="#m60"><b>userCreationWithDataProvider</b>  </a></td><td class="numi">4</td><td>1699392666824</td><td class="numi">252779</td></tr>
<tr class="passedodd"><td rowspan="3">myapp.tests.dataprovider.Day16_DataProvider1</td><td><a href="#m61"><b>test2</b> (minor_regression_group) </a></td><td class="numi">3</td><td>1699392489739</td><td class="numi">126</td></tr><tr class="passedodd"><td><a href="#m62"><b>test1</b>  </a></td><td class="numi">5</td><td>1699392489689</td><td class="numi">31</td></tr><tr class="passedodd"><td><a href="#m63"><b>test2</b> (minor_regression_group) </a></td><td class="numi">3</td><td>1699392489739</td><td class="numi">126</td></tr>
<tr class="passedeven"><td>myapp.tests.practices.MedunnaPatient</td><td><a href="#m64"><b>medunnaPatient</b>  </a></td><td class="numi">3</td><td>1699392555442</td><td class="numi">341259</td></tr>
<tr class="passedodd"><td>myapp.tests.dataprovider.Day16_DataProvider1</td><td><a href="#m65"><b>employeeCredentialsTest</b>  </a></td><td class="numi">4</td><td>1699392488811</td><td class="numi">39</td></tr>
<tr class="passedeven"><td rowspan="2">myapp.tests.topics.Day13_Annotations</td><td><a href="#m66"><b>test5</b>  </a></td><td class="numi">1</td><td>1699392892156</td><td class="numi">1</td></tr><tr class="passedeven"><td><a href="#m67"><b>test4</b> (minor_regression_group) </a></td><td class="numi">1</td><td>1699392892177</td><td class="numi">0</td></tr>
<tr class="passedodd"><td>myapp.tests.dataprovider.Day17_DataProvider2</td><td><a href="#m68"><b>userCreationWithDataProvider</b>  </a></td><td class="numi">4</td><td>1699392666824</td><td class="numi">252779</td></tr>
<tr class="passedeven"><td>myapp.tests.listeners.Day18_ListenersTest</td><td><a href="#m69"><b>test1</b>  </a></td><td class="numi">1</td><td>1699392610544</td><td class="numi">3</td></tr>
<tr class="passedodd"><td>myapp.tests.dataprovider.Day16_DataProvider1</td><td><a href="#m70"><b>test1</b>  </a></td><td class="numi">5</td><td>1699392489689</td><td class="numi">31</td></tr>
</table>
<h1>Smoke Test 1</h1>
<h2 id="m1">myapp.tests.topics.Day13_SoftAssertion:javaAssert</h2>
<div>
<div class="stacktrace">java.lang.AssertionError
	at myapp.tests.topics.Day13_SoftAssertion.javaAssert(Day13_SoftAssertion.java:39)
	at java.base/java.util.concurrent.ThreadPoolExecutor.runWorker(ThreadPoolExecutor.java:1128)
	at java.base/java.util.concurrent.ThreadPoolExecutor$Worker.run(ThreadPoolExecutor.java:628)
	at java.base/java.lang.Thread.run(Thread.java:834)
... Removed 12 stack frames</div>
</div>
<p class="totop"><a href="#summary">back to summary</a></p>
<h2 id="m2">myapp.tests.topics.Day13_SoftAssertion:softAssertion</h2>
<div>
<div class="stacktrace">java.lang.AssertionError: Test Case Completed...
	expected [true] but found [false],
	expected [orange] but found [apple]
	at myapp.tests.topics.Day13_SoftAssertion.softAssertion(Day13_SoftAssertion.java:61)
	at java.base/java.util.concurrent.ThreadPoolExecutor.runWorker(ThreadPoolExecutor.java:1128)
	at java.base/java.util.concurrent.ThreadPoolExecutor$Worker.run(ThreadPoolExecutor.java:628)
	at java.base/java.lang.Thread.run(Thread.java:834)
... Removed 13 stack frames</div>
</div>
<p class="totop"><a href="#summary">back to summary</a></p>
<h2 id="m3">myapp.tests.listeners.Day18_ListenersTest:test2</h2>
<div>
<div class="stacktrace">java.lang.AssertionError: expected [true] but found [false]
	at myapp.tests.listeners.Day18_ListenersTest.test2(Day18_ListenersTest.java:26)
	at java.base/java.util.concurrent.ThreadPoolExecutor.runWorker(ThreadPoolExecutor.java:1128)
	at java.base/java.util.concurrent.ThreadPoolExecutor$Worker.run(ThreadPoolExecutor.java:628)
	at java.base/java.lang.Thread.run(Thread.java:834)
... Removed 16 stack frames</div>
</div>
<p class="totop"><a href="#summary">back to summary</a></p>
<h2 id="m4">myapp.tests.topics.Day13_SoftAssertion:hardAssert</h2>
<div>
<div class="stacktrace">java.lang.AssertionError: expected [true] but found [false]
	at myapp.tests.topics.Day13_SoftAssertion.hardAssert(Day13_SoftAssertion.java:20)
	at java.base/java.util.concurrent.ThreadPoolExecutor.runWorker(ThreadPoolExecutor.java:1128)
	at java.base/java.util.concurrent.ThreadPoolExecutor$Worker.run(ThreadPoolExecutor.java:628)
	at java.base/java.lang.Thread.run(Thread.java:834)
... Removed 16 stack frames</div>
</div>
<p class="totop"><a href="#summary">back to summary</a></p>
<h2 id="m5">myapp.tests.excelautomation.Day16_ExcelTest:userCreationTest</h2>
<div>
<div class="stacktrace">org.openqa.selenium.TimeoutException: timeout: Timed out receiving message from renderer: 19.509
  (Session info: chrome=119.0.6045.105)
Build info: version: &apos;4.14.1&apos;, revision: &apos;03f8ede370&apos;
System info: os.name: &apos;Mac OS X&apos;, os.arch: &apos;x86_64&apos;, os.version: &apos;10.16&apos;, java.version: &apos;11.0.9&apos;
Driver info: org.openqa.selenium.chrome.ChromeDriver
Command: [15849dda93628cbacfced2e8a7aad721, get {url=https://editor.datatables.net/}]
Capabilities {acceptInsecureCerts: false, browserName: chrome, browserVersion: 119.0.6045.105, chrome: {chromedriverVersion: 119.0.6045.105 (38c72552c5e..., userDataDir: /var/folders/nj/0gpwmywj53l...}, fedcm:accounts: true, goog:chromeOptions: {debuggerAddress: localhost:53441}, networkConnectionEnabled: false, pageLoadStrategy: normal, platformName: mac, proxy: Proxy(), se:cdp: ws://localhost:53441/devtoo..., se:cdpVersion: 119.0.6045.105, setWindowRect: true, strictFileInteractability: false, timeouts: {implicit: 0, pageLoad: 300000, script: 30000}, unhandledPromptBehavior: dismiss and notify, webauthn:extension:credBlob: true, webauthn:extension:largeBlob: true, webauthn:extension:minPinLength: true, webauthn:extension:prf: true, webauthn:virtualAuthenticators: true}
Session ID: 15849dda93628cbacfced2e8a7aad721
	at org.openqa.selenium.remote.codec.w3c.W3CHttpResponseCodec.createException(W3CHttpResponseCodec.java:200)
	at org.openqa.selenium.remote.codec.w3c.W3CHttpResponseCodec.decode(W3CHttpResponseCodec.java:133)
	at org.openqa.selenium.remote.codec.w3c.W3CHttpResponseCodec.decode(W3CHttpResponseCodec.java:52)
	at org.openqa.selenium.remote.HttpCommandExecutor.execute(HttpCommandExecutor.java:191)
	at org.openqa.selenium.remote.service.DriverCommandExecutor.invokeExecute(DriverCommandExecutor.java:200)
	at org.openqa.selenium.remote.service.DriverCommandExecutor.execute(DriverCommandExecutor.java:175)
	at org.openqa.selenium.remote.RemoteWebDriver.execute(RemoteWebDriver.java:602)
	at org.openqa.selenium.remote.RemoteWebDriver.get(RemoteWebDriver.java:304)
	at org.openqa.selenium.support.ThreadGuard$WebDriverInvocationHandler.invokeUnderlying(ThreadGuard.java:99)
	at org.openqa.selenium.support.ThreadGuard$WebDriverInvocationHandler.invoke(ThreadGuard.java:91)
	at com.sun.proxy.$Proxy20.get(Unknown Source)
	at myapp.tests.excelautomation.Day16_ExcelTest.userCreationTest(Day16_ExcelTest.java:24)
	at java.base/java.util.concurrent.ThreadPoolExecutor.runWorker(ThreadPoolExecutor.java:1128)
	at java.base/java.util.concurrent.ThreadPoolExecutor$Worker.run(ThreadPoolExecutor.java:628)
	at java.base/java.lang.Thread.run(Thread.java:834)
... Removed 19 stack frames</div>
</div>
<p class="totop"><a href="#summary">back to summary</a></p>
<h2 id="m6">myapp.tests.topics.Day15_OrangeHRMLogin:loginTest</h2>
<div>
<div class="stacktrace">org.openqa.selenium.NoSuchElementException: no such element: Unable to locate element: {&quot;method&quot;:&quot;link text&quot;,&quot;selector&quot;:&quot;Logout&quot;}
  (Session info: chrome=119.0.6045.105)
For documentation on this error, please visit: https://www.selenium.dev/documentation/webdriver/troubleshooting/errors#no-such-element-exception
Build info: version: &apos;4.14.1&apos;, revision: &apos;03f8ede370&apos;
System info: os.name: &apos;Mac OS X&apos;, os.arch: &apos;x86_64&apos;, os.version: &apos;10.16&apos;, java.version: &apos;11.0.9&apos;
Driver info: org.openqa.selenium.chrome.ChromeDriver
Command: [98563d1462af5003c129d9b607c4b7f5, findElement {using=link text, value=Logout}]
Capabilities {acceptInsecureCerts: false, browserName: chrome, browserVersion: 119.0.6045.105, chrome: {chromedriverVersion: 119.0.6045.105 (38c72552c5e..., userDataDir: /var/folders/nj/0gpwmywj53l...}, fedcm:accounts: true, goog:chromeOptions: {debuggerAddress: localhost:53246}, networkConnectionEnabled: false, pageLoadStrategy: normal, platformName: mac, proxy: Proxy(), se:cdp: ws://localhost:53246/devtoo..., se:cdpVersion: 119.0.6045.105, setWindowRect: true, strictFileInteractability: false, timeouts: {implicit: 0, pageLoad: 300000, script: 30000}, unhandledPromptBehavior: dismiss and notify, webauthn:extension:credBlob: true, webauthn:extension:largeBlob: true, webauthn:extension:minPinLength: true, webauthn:extension:prf: true, webauthn:virtualAuthenticators: true}
Session ID: 98563d1462af5003c129d9b607c4b7f5
	at org.openqa.selenium.remote.codec.w3c.W3CHttpResponseCodec.createException(W3CHttpResponseCodec.java:200)
	at org.openqa.selenium.remote.codec.w3c.W3CHttpResponseCodec.decode(W3CHttpResponseCodec.java:133)
	at org.openqa.selenium.remote.codec.w3c.W3CHttpResponseCodec.decode(W3CHttpResponseCodec.java:52)
	at org.openqa.selenium.remote.HttpCommandExecutor.execute(HttpCommandExecutor.java:191)
	at org.openqa.selenium.remote.service.DriverCommandExecutor.invokeExecute(DriverCommandExecutor.java:200)
	at org.openqa.selenium.remote.service.DriverCommandExecutor.execute(DriverCommandExecutor.java:175)
	at org.openqa.selenium.remote.RemoteWebDriver.execute(RemoteWebDriver.java:602)
	at org.openqa.selenium.remote.ElementLocation$ElementFinder$2.findElement(ElementLocation.java:165)
	at org.openqa.selenium.remote.ElementLocation.findElement(ElementLocation.java:59)
	at org.openqa.selenium.remote.RemoteWebDriver.findElement(RemoteWebDriver.java:359)
	at org.openqa.selenium.remote.RemoteWebDriver.findElement(RemoteWebDriver.java:353)
	at org.openqa.selenium.support.ThreadGuard$WebDriverInvocationHandler.invokeUnderlying(ThreadGuard.java:99)
	at org.openqa.selenium.support.ThreadGuard$WebDriverInvocationHandler.invoke(ThreadGuard.java:91)
	at com.sun.proxy.$Proxy20.findElement(Unknown Source)
	at org.openqa.selenium.support.pagefactory.DefaultElementLocator.findElement(DefaultElementLocator.java:68)
	at org.openqa.selenium.support.pagefactory.internal.LocatingElementHandler.invoke(LocatingElementHandler.java:38)
	at com.sun.proxy.$Proxy24.click(Unknown Source)
	at myapp.tests.topics.Day15_OrangeHRMLogin.loginTest(Day15_OrangeHRMLogin.java:49)
	at java.base/java.util.concurrent.ThreadPoolExecutor.runWorker(ThreadPoolExecutor.java:1128)
	at java.base/java.util.concurrent.ThreadPoolExecutor$Worker.run(ThreadPoolExecutor.java:628)
	at java.base/java.lang.Thread.run(Thread.java:834)
... Removed 19 stack frames</div>
</div>
<p class="totop"><a href="#summary">back to summary</a></p>
<h2 id="m7">myapp.tests.topics.Day13_DependsOnGroups:searchTest</h2>
<div>
<div class="stacktrace">java.lang.AssertionError: expected [true] but found [false]
	at myapp.tests.topics.Day13_DependsOnGroups.searchTest(Day13_DependsOnGroups.java:16)
	at java.base/java.util.concurrent.ThreadPoolExecutor.runWorker(ThreadPoolExecutor.java:1128)
	at java.base/java.util.concurrent.ThreadPoolExecutor$Worker.run(ThreadPoolExecutor.java:628)
	at java.base/java.lang.Thread.run(Thread.java:834)
... Removed 16 stack frames</div>
</div>
<p class="totop"><a href="#summary">back to summary</a></p>
<h2 id="m8">myapp.ahmetBeyHomework.Day16_ExcelTest_UserStory1:userCreationTest</h2>
<div>
<div class="stacktrace">org.openqa.selenium.TimeoutException: timeout: Timed out receiving message from renderer: 12.434
  (Session info: chrome=119.0.6045.105)
Build info: version: &apos;4.14.1&apos;, revision: &apos;03f8ede370&apos;
System info: os.name: &apos;Mac OS X&apos;, os.arch: &apos;x86_64&apos;, os.version: &apos;10.16&apos;, java.version: &apos;11.0.9&apos;
Driver info: org.openqa.selenium.chrome.ChromeDriver
Command: [2c897a8e43e901a7e466b1b63fa617a9, get {url=https://editor.datatables.net/}]
Capabilities {acceptInsecureCerts: false, browserName: chrome, browserVersion: 119.0.6045.105, chrome: {chromedriverVersion: 119.0.6045.105 (38c72552c5e..., userDataDir: /var/folders/nj/0gpwmywj53l...}, fedcm:accounts: true, goog:chromeOptions: {debuggerAddress: localhost:53407}, networkConnectionEnabled: false, pageLoadStrategy: normal, platformName: mac, proxy: Proxy(), se:cdp: ws://localhost:53407/devtoo..., se:cdpVersion: 119.0.6045.105, setWindowRect: true, strictFileInteractability: false, timeouts: {implicit: 0, pageLoad: 300000, script: 30000}, unhandledPromptBehavior: dismiss and notify, webauthn:extension:credBlob: true, webauthn:extension:largeBlob: true, webauthn:extension:minPinLength: true, webauthn:extension:prf: true, webauthn:virtualAuthenticators: true}
Session ID: 2c897a8e43e901a7e466b1b63fa617a9
	at org.openqa.selenium.remote.codec.w3c.W3CHttpResponseCodec.createException(W3CHttpResponseCodec.java:200)
	at org.openqa.selenium.remote.codec.w3c.W3CHttpResponseCodec.decode(W3CHttpResponseCodec.java:133)
	at org.openqa.selenium.remote.codec.w3c.W3CHttpResponseCodec.decode(W3CHttpResponseCodec.java:52)
	at org.openqa.selenium.remote.HttpCommandExecutor.execute(HttpCommandExecutor.java:191)
	at org.openqa.selenium.remote.service.DriverCommandExecutor.invokeExecute(DriverCommandExecutor.java:200)
	at org.openqa.selenium.remote.service.DriverCommandExecutor.execute(DriverCommandExecutor.java:175)
	at org.openqa.selenium.remote.RemoteWebDriver.execute(RemoteWebDriver.java:602)
	at org.openqa.selenium.remote.RemoteWebDriver.get(RemoteWebDriver.java:304)
	at org.openqa.selenium.support.ThreadGuard$WebDriverInvocationHandler.invokeUnderlying(ThreadGuard.java:99)
	at org.openqa.selenium.support.ThreadGuard$WebDriverInvocationHandler.invoke(ThreadGuard.java:91)
	at com.sun.proxy.$Proxy20.get(Unknown Source)
	at myapp.ahmetBeyHomework.Day16_ExcelTest_UserStory1.userCreationTest(Day16_ExcelTest_UserStory1.java:39)
	at java.base/java.util.concurrent.ThreadPoolExecutor.runWorker(ThreadPoolExecutor.java:1128)
	at java.base/java.util.concurrent.ThreadPoolExecutor$Worker.run(ThreadPoolExecutor.java:628)
	at java.base/java.lang.Thread.run(Thread.java:834)
... Removed 19 stack frames</div>
</div>
<p class="totop"><a href="#summary">back to summary</a></p>
<h2 id="m9">myapp.tests.practices.MedunnaPatient:medunnaPatient</h2>
<table cellspacing="0" cellpadding="0" class="result">
<tr class="param"><th>Parameter #1</th><th>Parameter #2</th><th>Parameter #3</th><th>Parameter #4</th><th>Parameter #5</th><th>Parameter #6</th></tr>
<tr class="param stripe"><td>john_doe103</td>
<td>John.123</td>
<td>John</td>
<td>Doe</td>
<td>johndoe103@gmail.com</td>
<td>1.23456789E9</td>
</tr>
<tr><td colspan="6">
<div class="stacktrace">org.openqa.selenium.TimeoutException: timeout: Timed out receiving message from renderer: 19.641
  (Session info: chrome=119.0.6045.105)
Build info: version: &apos;4.14.1&apos;, revision: &apos;03f8ede370&apos;
System info: os.name: &apos;Mac OS X&apos;, os.arch: &apos;x86_64&apos;, os.version: &apos;10.16&apos;, java.version: &apos;11.0.9&apos;
Driver info: org.openqa.selenium.chrome.ChromeDriver
Command: [dc91ef0a5653ef593832186d7931f4e2, get {url=https://medunna.com/}]
Capabilities {acceptInsecureCerts: false, browserName: chrome, browserVersion: 119.0.6045.105, chrome: {chromedriverVersion: 119.0.6045.105 (38c72552c5e..., userDataDir: /var/folders/nj/0gpwmywj53l...}, fedcm:accounts: true, goog:chromeOptions: {debuggerAddress: localhost:53584}, networkConnectionEnabled: false, pageLoadStrategy: normal, platformName: mac, proxy: Proxy(), se:cdp: ws://localhost:53584/devtoo..., se:cdpVersion: 119.0.6045.105, setWindowRect: true, strictFileInteractability: false, timeouts: {implicit: 0, pageLoad: 300000, script: 30000}, unhandledPromptBehavior: dismiss and notify, webauthn:extension:credBlob: true, webauthn:extension:largeBlob: true, webauthn:extension:minPinLength: true, webauthn:extension:prf: true, webauthn:virtualAuthenticators: true}
Session ID: dc91ef0a5653ef593832186d7931f4e2
	at org.openqa.selenium.remote.codec.w3c.W3CHttpResponseCodec.createException(W3CHttpResponseCodec.java:200)
	at org.openqa.selenium.remote.codec.w3c.W3CHttpResponseCodec.decode(W3CHttpResponseCodec.java:133)
	at org.openqa.selenium.remote.codec.w3c.W3CHttpResponseCodec.decode(W3CHttpResponseCodec.java:52)
	at org.openqa.selenium.remote.HttpCommandExecutor.execute(HttpCommandExecutor.java:191)
	at org.openqa.selenium.remote.service.DriverCommandExecutor.invokeExecute(DriverCommandExecutor.java:200)
	at org.openqa.selenium.remote.service.DriverCommandExecutor.execute(DriverCommandExecutor.java:175)
	at org.openqa.selenium.remote.RemoteWebDriver.execute(RemoteWebDriver.java:602)
	at org.openqa.selenium.remote.RemoteWebDriver.get(RemoteWebDriver.java:304)
	at org.openqa.selenium.support.ThreadGuard$WebDriverInvocationHandler.invokeUnderlying(ThreadGuard.java:99)
	at org.openqa.selenium.support.ThreadGuard$WebDriverInvocationHandler.invoke(ThreadGuard.java:91)
	at com.sun.proxy.$Proxy20.get(Unknown Source)
	at myapp.tests.practices.MedunnaPatient.medunnaPatient(MedunnaPatient.java:23)
	at java.base/java.util.concurrent.ThreadPoolExecutor.runWorker(ThreadPoolExecutor.java:1128)
	at java.base/java.util.concurrent.ThreadPoolExecutor$Worker.run(ThreadPoolExecutor.java:628)
	at java.base/java.lang.Thread.run(Thread.java:834)
... Removed 19 stack frames</div>
</td></tr>
</table>
<p class="totop"><a href="#summary">back to summary</a></p>
<h2 id="m10">myapp.tests.practices.XYZBankTest:xyzBankTest</h2>
<div>
<div class="stacktrace">org.openqa.selenium.StaleElementReferenceException: stale element reference: stale element not found
  (Session info: chrome=119.0.6045.105)
For documentation on this error, please visit: https://www.selenium.dev/documentation/webdriver/troubleshooting/errors#stale-element-reference-exception
Build info: version: &apos;4.14.1&apos;, revision: &apos;03f8ede370&apos;
System info: os.name: &apos;Mac OS X&apos;, os.arch: &apos;x86_64&apos;, os.version: &apos;10.16&apos;, java.version: &apos;11.0.9&apos;
Driver info: org.openqa.selenium.chrome.ChromeDriver
Command: [f267eefb0470b7bd8ad5097751ddaa4a, clickElement {id=A6D7CFE56D5254FD9BE72C82B30B7197_element_98}]
Capabilities {acceptInsecureCerts: false, browserName: chrome, browserVersion: 119.0.6045.105, chrome: {chromedriverVersion: 119.0.6045.105 (38c72552c5e..., userDataDir: /var/folders/nj/0gpwmywj53l...}, fedcm:accounts: true, goog:chromeOptions: {debuggerAddress: localhost:53659}, networkConnectionEnabled: false, pageLoadStrategy: normal, platformName: mac, proxy: Proxy(), se:cdp: ws://localhost:53659/devtoo..., se:cdpVersion: 119.0.6045.105, setWindowRect: true, strictFileInteractability: false, timeouts: {implicit: 0, pageLoad: 300000, script: 30000}, unhandledPromptBehavior: dismiss and notify, webauthn:extension:credBlob: true, webauthn:extension:largeBlob: true, webauthn:extension:minPinLength: true, webauthn:extension:prf: true, webauthn:virtualAuthenticators: true}
Element: [[ChromeDriver: chrome on mac (f267eefb0470b7bd8ad5097751ddaa4a)] -&gt; xpath: //button[@type=&apos;submit&apos;]]
Session ID: f267eefb0470b7bd8ad5097751ddaa4a
	at org.openqa.selenium.remote.codec.w3c.W3CHttpResponseCodec.createException(W3CHttpResponseCodec.java:200)
	at org.openqa.selenium.remote.codec.w3c.W3CHttpResponseCodec.decode(W3CHttpResponseCodec.java:133)
	at org.openqa.selenium.remote.codec.w3c.W3CHttpResponseCodec.decode(W3CHttpResponseCodec.java:52)
	at org.openqa.selenium.remote.HttpCommandExecutor.execute(HttpCommandExecutor.java:191)
	at org.openqa.selenium.remote.service.DriverCommandExecutor.invokeExecute(DriverCommandExecutor.java:200)
	at org.openqa.selenium.remote.service.DriverCommandExecutor.execute(DriverCommandExecutor.java:175)
	at org.openqa.selenium.remote.RemoteWebDriver.execute(RemoteWebDriver.java:602)
	at org.openqa.selenium.remote.RemoteWebElement.execute(RemoteWebElement.java:224)
	at org.openqa.selenium.remote.RemoteWebElement.click(RemoteWebElement.java:77)
	at org.openqa.selenium.support.pagefactory.internal.LocatingElementHandler.invoke(LocatingElementHandler.java:51)
	at com.sun.proxy.$Proxy24.click(Unknown Source)
	at myapp.tests.practices.XYZBankTest.xyzBankTest(XYZBankTest.java:125)
	at java.base/java.util.concurrent.ThreadPoolExecutor.runWorker(ThreadPoolExecutor.java:1128)
	at java.base/java.util.concurrent.ThreadPoolExecutor$Worker.run(ThreadPoolExecutor.java:628)
	at java.base/java.lang.Thread.run(Thread.java:834)
... Removed 19 stack frames</div>
</div>
<p class="totop"><a href="#summary">back to summary</a></p>
<h2 id="m11">myapp.tests.topics.Day13_DependsOnMethods:searchTest</h2>
<div>
<div class="stacktrace">java.lang.AssertionError: expected [true] but found [false]
	at myapp.tests.topics.Day13_DependsOnMethods.searchTest(Day13_DependsOnMethods.java:16)
	at java.base/java.util.concurrent.ThreadPoolExecutor.runWorker(ThreadPoolExecutor.java:1128)
	at java.base/java.util.concurrent.ThreadPoolExecutor$Worker.run(ThreadPoolExecutor.java:628)
	at java.base/java.lang.Thread.run(Thread.java:834)
... Removed 16 stack frames</div>
</div>
<p class="totop"><a href="#summary">back to summary</a></p>
<h2 id="m12">myapp.ahmetBeyHomework.Day17_DataProvider2_UserStory1:userCreationTest</h2>
<table cellspacing="0" cellpadding="0" class="result">
<tr class="param"><th>Parameter #1</th><th>Parameter #2</th><th>Parameter #3</th><th>Parameter #4</th><th>Parameter #5</th><th>Parameter #6</th><th>Parameter #7</th></tr>
<tr class="param stripe"><td>john</td>
<td>lennon</td>
<td>musician</td>
<td>LA</td>
<td>52345.0</td>
<td>2023-12-27</td>
<td>1000000.0</td>
</tr>
<tr><td colspan="7">
<div class="stacktrace">org.openqa.selenium.TimeoutException: timeout: Timed out receiving message from renderer: 19.643
  (Session info: chrome=119.0.6045.105)
Build info: version: &apos;4.14.1&apos;, revision: &apos;03f8ede370&apos;
System info: os.name: &apos;Mac OS X&apos;, os.arch: &apos;x86_64&apos;, os.version: &apos;10.16&apos;, java.version: &apos;11.0.9&apos;
Driver info: org.openqa.selenium.chrome.ChromeDriver
Command: [98563d1462af5003c129d9b607c4b7f5, get {url=https://editor.datatables.net/}]
Capabilities {acceptInsecureCerts: false, browserName: chrome, browserVersion: 119.0.6045.105, chrome: {chromedriverVersion: 119.0.6045.105 (38c72552c5e..., userDataDir: /var/folders/nj/0gpwmywj53l...}, fedcm:accounts: true, goog:chromeOptions: {debuggerAddress: localhost:53246}, networkConnectionEnabled: false, pageLoadStrategy: normal, platformName: mac, proxy: Proxy(), se:cdp: ws://localhost:53246/devtoo..., se:cdpVersion: 119.0.6045.105, setWindowRect: true, strictFileInteractability: false, timeouts: {implicit: 0, pageLoad: 300000, script: 30000}, unhandledPromptBehavior: dismiss and notify, webauthn:extension:credBlob: true, webauthn:extension:largeBlob: true, webauthn:extension:minPinLength: true, webauthn:extension:prf: true, webauthn:virtualAuthenticators: true}
Session ID: 98563d1462af5003c129d9b607c4b7f5
	at org.openqa.selenium.remote.codec.w3c.W3CHttpResponseCodec.createException(W3CHttpResponseCodec.java:200)
	at org.openqa.selenium.remote.codec.w3c.W3CHttpResponseCodec.decode(W3CHttpResponseCodec.java:133)
	at org.openqa.selenium.remote.codec.w3c.W3CHttpResponseCodec.decode(W3CHttpResponseCodec.java:52)
	at org.openqa.selenium.remote.HttpCommandExecutor.execute(HttpCommandExecutor.java:191)
	at org.openqa.selenium.remote.service.DriverCommandExecutor.invokeExecute(DriverCommandExecutor.java:200)
	at org.openqa.selenium.remote.service.DriverCommandExecutor.execute(DriverCommandExecutor.java:175)
	at org.openqa.selenium.remote.RemoteWebDriver.execute(RemoteWebDriver.java:602)
	at org.openqa.selenium.remote.RemoteWebDriver.get(RemoteWebDriver.java:304)
	at org.openqa.selenium.support.ThreadGuard$WebDriverInvocationHandler.invokeUnderlying(ThreadGuard.java:99)
	at org.openqa.selenium.support.ThreadGuard$WebDriverInvocationHandler.invoke(ThreadGuard.java:91)
	at com.sun.proxy.$Proxy20.get(Unknown Source)
	at myapp.ahmetBeyHomework.Day17_DataProvider2_UserStory1.userCreationTest(Day17_DataProvider2_UserStory1.java:28)
	at java.base/java.util.concurrent.ThreadPoolExecutor.runWorker(ThreadPoolExecutor.java:1128)
	at java.base/java.util.concurrent.ThreadPoolExecutor$Worker.run(ThreadPoolExecutor.java:628)
	at java.base/java.lang.Thread.run(Thread.java:834)
... Removed 20 stack frames</div>
</td></tr>
</table>
<p class="totop"><a href="#summary">back to summary</a></p>
<h2 id="m13">myapp.ahmetBeyHomework.UserStory2_US100208_Negative_Login:US100208_Negative_Login</h2>
<div>
<div class="stacktrace">java.lang.IllegalArgumentException: Keys to send should be a not null CharSequence
	at org.openqa.selenium.remote.RemoteWebElement.sendKeys(RemoteWebElement.java:97)
	at org.openqa.selenium.support.pagefactory.internal.LocatingElementHandler.invoke(LocatingElementHandler.java:51)
	at com.sun.proxy.$Proxy24.sendKeys(Unknown Source)
	at myapp.utilities.BrowserUtils.sendKeysWithTimeout(BrowserUtils.java:47)
	at myapp.ahmetBeyHomework.UserStory2_US100208_Negative_Login.US100208_Negative_Login(UserStory2_US100208_Negative_Login.java:41)
	at java.base/java.util.concurrent.ThreadPoolExecutor.runWorker(ThreadPoolExecutor.java:1128)
	at java.base/java.util.concurrent.ThreadPoolExecutor$Worker.run(ThreadPoolExecutor.java:628)
	at java.base/java.lang.Thread.run(Thread.java:834)
... Removed 16 stack frames</div>
</div>
<p class="totop"><a href="#summary">back to summary</a></p>
<h2 id="m14">myapp.tests.listeners.Day18_ListenersTest:test4</h2>
<div>
<div class="stacktrace">org.openqa.selenium.TimeoutException: timeout: Timed out receiving message from renderer: 19.688
  (Session info: chrome=119.0.6045.105)
Build info: version: &apos;4.14.1&apos;, revision: &apos;03f8ede370&apos;
System info: os.name: &apos;Mac OS X&apos;, os.arch: &apos;x86_64&apos;, os.version: &apos;10.16&apos;, java.version: &apos;11.0.9&apos;
Driver info: org.openqa.selenium.chrome.ChromeDriver
Command: [2c897a8e43e901a7e466b1b63fa617a9, get {url=https://www.amazon.com}]
Capabilities {acceptInsecureCerts: false, browserName: chrome, browserVersion: 119.0.6045.105, chrome: {chromedriverVersion: 119.0.6045.105 (38c72552c5e..., userDataDir: /var/folders/nj/0gpwmywj53l...}, fedcm:accounts: true, goog:chromeOptions: {debuggerAddress: localhost:53407}, networkConnectionEnabled: false, pageLoadStrategy: normal, platformName: mac, proxy: Proxy(), se:cdp: ws://localhost:53407/devtoo..., se:cdpVersion: 119.0.6045.105, setWindowRect: true, strictFileInteractability: false, timeouts: {implicit: 0, pageLoad: 300000, script: 30000}, unhandledPromptBehavior: dismiss and notify, webauthn:extension:credBlob: true, webauthn:extension:largeBlob: true, webauthn:extension:minPinLength: true, webauthn:extension:prf: true, webauthn:virtualAuthenticators: true}
Session ID: 2c897a8e43e901a7e466b1b63fa617a9
	at org.openqa.selenium.remote.codec.w3c.W3CHttpResponseCodec.createException(W3CHttpResponseCodec.java:200)
	at org.openqa.selenium.remote.codec.w3c.W3CHttpResponseCodec.decode(W3CHttpResponseCodec.java:133)
	at org.openqa.selenium.remote.codec.w3c.W3CHttpResponseCodec.decode(W3CHttpResponseCodec.java:52)
	at org.openqa.selenium.remote.HttpCommandExecutor.execute(HttpCommandExecutor.java:191)
	at org.openqa.selenium.remote.service.DriverCommandExecutor.invokeExecute(DriverCommandExecutor.java:200)
	at org.openqa.selenium.remote.service.DriverCommandExecutor.execute(DriverCommandExecutor.java:175)
	at org.openqa.selenium.remote.RemoteWebDriver.execute(RemoteWebDriver.java:602)
	at org.openqa.selenium.remote.RemoteWebDriver.get(RemoteWebDriver.java:304)
	at org.openqa.selenium.support.ThreadGuard$WebDriverInvocationHandler.invokeUnderlying(ThreadGuard.java:99)
	at org.openqa.selenium.support.ThreadGuard$WebDriverInvocationHandler.invoke(ThreadGuard.java:91)
	at com.sun.proxy.$Proxy20.get(Unknown Source)
	at myapp.tests.listeners.Day18_ListenersTest.test4(Day18_ListenersTest.java:37)
	at java.base/java.util.concurrent.ThreadPoolExecutor.runWorker(ThreadPoolExecutor.java:1128)
	at java.base/java.util.concurrent.ThreadPoolExecutor$Worker.run(ThreadPoolExecutor.java:628)
	at java.base/java.lang.Thread.run(Thread.java:834)
... Removed 19 stack frames</div>
</div>
<p class="totop"><a href="#summary">back to summary</a></p>
<h2 id="m15">myapp.tests.practices.MedunnaPatient:medunnaPatient</h2>
<table cellspacing="0" cellpadding="0" class="result">
<tr class="param"><th>Parameter #1</th><th>Parameter #2</th><th>Parameter #3</th><th>Parameter #4</th><th>Parameter #5</th><th>Parameter #6</th></tr>
<tr class="param stripe"><td>john_doe100</td>
<td>John.123</td>
<td>John</td>
<td>Doe</td>
<td>johndoe100@gmail.com</td>
<td>1.23456789E9</td>
</tr>
<tr><td colspan="6">
<div class="stacktrace">org.openqa.selenium.TimeoutException: timeout: Timed out receiving message from renderer: 19.611
  (Session info: chrome=119.0.6045.105)
Build info: version: &apos;4.14.1&apos;, revision: &apos;03f8ede370&apos;
System info: os.name: &apos;Mac OS X&apos;, os.arch: &apos;x86_64&apos;, os.version: &apos;10.16&apos;, java.version: &apos;11.0.9&apos;
Driver info: org.openqa.selenium.chrome.ChromeDriver
Command: [a86bf48c6c8a1225e87c2a2a53875c17, get {url=https://medunna.com/}]
Capabilities {acceptInsecureCerts: false, browserName: chrome, browserVersion: 119.0.6045.105, chrome: {chromedriverVersion: 119.0.6045.105 (38c72552c5e..., userDataDir: /var/folders/nj/0gpwmywj53l...}, fedcm:accounts: true, goog:chromeOptions: {debuggerAddress: localhost:53288}, networkConnectionEnabled: false, pageLoadStrategy: normal, platformName: mac, proxy: Proxy(), se:cdp: ws://localhost:53288/devtoo..., se:cdpVersion: 119.0.6045.105, setWindowRect: true, strictFileInteractability: false, timeouts: {implicit: 0, pageLoad: 300000, script: 30000}, unhandledPromptBehavior: dismiss and notify, webauthn:extension:credBlob: true, webauthn:extension:largeBlob: true, webauthn:extension:minPinLength: true, webauthn:extension:prf: true, webauthn:virtualAuthenticators: true}
Session ID: a86bf48c6c8a1225e87c2a2a53875c17
	at org.openqa.selenium.remote.codec.w3c.W3CHttpResponseCodec.createException(W3CHttpResponseCodec.java:200)
	at org.openqa.selenium.remote.codec.w3c.W3CHttpResponseCodec.decode(W3CHttpResponseCodec.java:133)
	at org.openqa.selenium.remote.codec.w3c.W3CHttpResponseCodec.decode(W3CHttpResponseCodec.java:52)
	at org.openqa.selenium.remote.HttpCommandExecutor.execute(HttpCommandExecutor.java:191)
	at org.openqa.selenium.remote.service.DriverCommandExecutor.invokeExecute(DriverCommandExecutor.java:200)
	at org.openqa.selenium.remote.service.DriverCommandExecutor.execute(DriverCommandExecutor.java:175)
	at org.openqa.selenium.remote.RemoteWebDriver.execute(RemoteWebDriver.java:602)
	at org.openqa.selenium.remote.RemoteWebDriver.get(RemoteWebDriver.java:304)
	at org.openqa.selenium.support.ThreadGuard$WebDriverInvocationHandler.invokeUnderlying(ThreadGuard.java:99)
	at org.openqa.selenium.support.ThreadGuard$WebDriverInvocationHandler.invoke(ThreadGuard.java:91)
	at com.sun.proxy.$Proxy20.get(Unknown Source)
	at myapp.tests.practices.MedunnaPatient.medunnaPatient(MedunnaPatient.java:23)
	at java.base/java.util.concurrent.ThreadPoolExecutor.runWorker(ThreadPoolExecutor.java:1128)
	at java.base/java.util.concurrent.ThreadPoolExecutor$Worker.run(ThreadPoolExecutor.java:628)
	at java.base/java.lang.Thread.run(Thread.java:834)
... Removed 20 stack frames</div>
</td></tr>
</table>
<p class="totop"><a href="#summary">back to summary</a></p>
<h2 id="m16">myapp.tests.topics.Day13_DependsOnGroups:logOutTest</h2>
<div>
<div class="stacktrace">java.lang.Throwable: Method Day13_DependsOnGroups.logOutTest()[pri:0, instance:myapp.tests.topics.Day13_DependsOnGroups@537f60bf] depends on not successfully finished methods in group &quot;smoke-test&quot;
	at java.base/java.util.concurrent.ThreadPoolExecutor.runWorker(ThreadPoolExecutor.java:1128)
	at java.base/java.util.concurrent.ThreadPoolExecutor$Worker.run(ThreadPoolExecutor.java:628)
	at java.base/java.lang.Thread.run(Thread.java:834)
... Removed 3 stack frames</div>
</div>
<p class="totop"><a href="#summary">back to summary</a></p>
<h2 id="m17">myapp.tests.topics.Day13_DependsOnMethods:checkOutTest</h2>
<div>
<div class="stacktrace">java.lang.Throwable: Method myapp.tests.topics.Day13_DependsOnMethods.checkOutTest() on instance myapp.tests.topics.Day13_DependsOnMethods@229c6181 depends on not successfully finished methods 
[myapp.tests.topics.Day13_DependsOnMethods.searchTest() on instance myapp.tests.topics.Day13_DependsOnMethods@229c6181]
	at java.base/java.util.concurrent.ThreadPoolExecutor.runWorker(ThreadPoolExecutor.java:1128)
	at java.base/java.util.concurrent.ThreadPoolExecutor$Worker.run(ThreadPoolExecutor.java:628)
	at java.base/java.lang.Thread.run(Thread.java:834)
... Removed 3 stack frames</div>
</div>
<p class="totop"><a href="#summary">back to summary</a></p>
<h2 id="m18">myapp.tests.listeners.Day18_ListenersTest:test3</h2>
<div>
<div class="stacktrace">org.testng.SkipException: Skipping test case on purpose
	at myapp.tests.listeners.Day18_ListenersTest.test3(Day18_ListenersTest.java:31)
	at java.base/java.util.concurrent.ThreadPoolExecutor.runWorker(ThreadPoolExecutor.java:1128)
	at java.base/java.util.concurrent.ThreadPoolExecutor$Worker.run(ThreadPoolExecutor.java:628)
	at java.base/java.lang.Thread.run(Thread.java:834)
... Removed 12 stack frames</div>
</div>
<p class="totop"><a href="#summary">back to summary</a></p>
<h2 id="m19">myapp.tests.topics.Day14_ConfigReaderTest:configReaderTest</h2>
<p class="totop"><a href="#summary">back to summary</a></p>
<h2 id="m20">myapp.tests.dataprovider.Day16_DataProvider1:test1</h2>
<table cellspacing="0" cellpadding="0" class="result">
<tr class="param"><th>Parameter #1</th></tr>
<tr class="param stripe"><td>honda</td>
</tr>
</table>
<p class="totop"><a href="#summary">back to summary</a></p>
<h2 id="m21">myapp.tests.topics.Day13_DependsOnGroups:checkOutTest</h2>
<p class="totop"><a href="#summary">back to summary</a></p>
<h2 id="m22">myapp.ahmetBeyHomework.UserStory5_RequireUsertoLoginForReservation:test01</h2>
<p class="totop"><a href="#summary">back to summary</a></p>
<h2 id="m23">myapp.ahmetBeyHomework.Day17_DataProvider2_UserStory1:userCreationTest</h2>
<table cellspacing="0" cellpadding="0" class="result">
<tr class="param"><th>Parameter #1</th><th>Parameter #2</th><th>Parameter #3</th><th>Parameter #4</th><th>Parameter #5</th><th>Parameter #6</th><th>Parameter #7</th></tr>
<tr class="param stripe"><td>farah</td>
<td>solmon</td>
<td>dev</td>
<td>TX</td>
<td>9811.0</td>
<td>2023-11-27</td>
<td>871000.0</td>
</tr>
</table>
<p class="totop"><a href="#summary">back to summary</a></p>
<h2 id="m24">myapp.tests.dataprovider.Day16_DataProvider1:employeeCredentialsTest</h2>
<table cellspacing="0" cellpadding="0" class="result">
<tr class="param"><th>Parameter #1</th><th>Parameter #2</th></tr>
<tr class="param stripe"><td>pam.raymond@bluerentalcars.com</td>
<td>Nga^g6!</td>
</tr>
</table>
<p class="totop"><a href="#summary">back to summary</a></p>
<h2 id="m25">myapp.ahmetBeyHomework.TechproLoginTest:loginTest</h2>
<p class="totop"><a href="#summary">back to summary</a></p>
<h2 id="m26">myapp.tests.dataprovider.Day16_DataProvider1:excelEmployeeDataTest</h2>
<table cellspacing="0" cellpadding="0" class="result">
<tr class="param"><th>Parameter #1</th><th>Parameter #2</th></tr>
<tr class="param stripe"><td>sam.walker@bluerentalcars.com</td>
<td>c!fas_art</td>
</tr>
</table>
<p class="totop"><a href="#summary">back to summary</a></p>
<h2 id="m27">myapp.tests.practices.MedunnaPatient:medunnaPatient</h2>
<table cellspacing="0" cellpadding="0" class="result">
<tr class="param"><th>Parameter #1</th><th>Parameter #2</th><th>Parameter #3</th><th>Parameter #4</th><th>Parameter #5</th><th>Parameter #6</th></tr>
<tr class="param stripe"><td>john_doe101</td>
<td>John.123</td>
<td>John</td>
<td>Doe</td>
<td>johndoe101@gmail.com</td>
<td>1.23456789E9</td>
</tr>
</table>
<p class="totop"><a href="#summary">back to summary</a></p>
<h2 id="m28">myapp.ahmetBeyHomework.Day16_ExcelTest_UserStory2:Test</h2>
<p class="totop"><a href="#summary">back to summary</a></p>
<h2 id="m29">myapp.tests.dataprovider.Day17_DataProvider2:userCreationWithDataProvider</h2>
<table cellspacing="0" cellpadding="0" class="result">
<tr class="param"><th>Parameter #1</th><th>Parameter #2</th><th>Parameter #3</th><th>Parameter #4</th><th>Parameter #5</th><th>Parameter #6</th><th>Parameter #7</th></tr>
<tr class="param stripe"><td>maria</td>
<td>font</td>
<td>tester</td>
<td>NYC</td>
<td>5245.0</td>
<td>2023-12-30</td>
<td>590000.0</td>
</tr>
</table>
<p class="totop"><a href="#summary">back to summary</a></p>
<h2 id="m30">myapp.tests.smoketest.Day15_US100201_Admin_Login:withReusableMethods</h2>
<p class="totop"><a href="#summary">back to summary</a></p>
<h2 id="m31">myapp.tests.dataprovider.Day16_DataProvider1:employeeCredentialsTest</h2>
<table cellspacing="0" cellpadding="0" class="result">
<tr class="param"><th>Parameter #1</th><th>Parameter #2</th></tr>
<tr class="param stripe"><td>kate.brown@bluerentalcars.com</td>
<td>tad1$Fas</td>
</tr>
</table>
<p class="totop"><a href="#summary">back to summary</a></p>
<h2 id="m32">myapp.tests.dataprovider.Day16_DataProvider1:excelEmployeeDataTest</h2>
<table cellspacing="0" cellpadding="0" class="result">
<tr class="param"><th>Parameter #1</th><th>Parameter #2</th></tr>
<tr class="param stripe"><td>raj.khan@bluerentalcars.com</td>
<td>v7Hg_va^</td>
</tr>
</table>
<p class="totop"><a href="#summary">back to summary</a></p>
<h2 id="m33">myapp.tests.dataprovider.Day16_DataProvider1:excelEmployeeDataTest</h2>
<table cellspacing="0" cellpadding="0" class="result">
<tr class="param"><th>Parameter #1</th><th>Parameter #2</th></tr>
<tr class="param stripe"><td>pam.raymond@bluerentalcars.com</td>
<td>Nga^g6!</td>
</tr>
</table>
<p class="totop"><a href="#summary">back to summary</a></p>
<h2 id="m34">myapp.tests.practices.MedunnaPatient:medunnaPatient</h2>
<table cellspacing="0" cellpadding="0" class="result">
<tr class="param"><th>Parameter #1</th><th>Parameter #2</th><th>Parameter #3</th><th>Parameter #4</th><th>Parameter #5</th><th>Parameter #6</th></tr>
<tr class="param stripe"><td>john_doe102</td>
<td>John.123</td>
<td>John</td>
<td>Doe</td>
<td>johndoe102@gmail.com</td>
<td>1.23456789E9</td>
</tr>
</table>
<p class="totop"><a href="#summary">back to summary</a></p>
<h2 id="m35">myapp.tests.topics.Day14_DriverTest:driverTest</h2>
<p class="totop"><a href="#summary">back to summary</a></p>
<h2 id="m36">myapp.ahmetBeyHomework.UserStory4_LoginScreenErrorMessages:LoginScreenErrorMessages</h2>
<p class="totop"><a href="#summary">back to summary</a></p>
<h2 id="m37">myapp.tests.topics.Day13_DependsOnGroups:homePageTest</h2>
<p class="totop"><a href="#summary">back to summary</a></p>
<h2 id="m38">myapp.tests.topics.Day13_Annotations:test1</h2>
<p class="totop"><a href="#summary">back to summary</a></p>
<h2 id="m39">myapp.tests.dataprovider.Day17_DataProvider2:userCreationWithDataProvider</h2>
<table cellspacing="0" cellpadding="0" class="result">
<tr class="param"><th>Parameter #1</th><th>Parameter #2</th><th>Parameter #3</th><th>Parameter #4</th><th>Parameter #5</th><th>Parameter #6</th><th>Parameter #7</th></tr>
<tr class="param stripe"><td>farah</td>
<td>solmon</td>
<td>dev</td>
<td>TX</td>
<td>9811.0</td>
<td>2023-11-27</td>
<td>871000.0</td>
</tr>
</table>
<p class="totop"><a href="#summary">back to summary</a></p>
<h2 id="m40">myapp.ahmetBeyHomework.Day17_DataProvider2_UserStory1:userCreationTest</h2>
<table cellspacing="0" cellpadding="0" class="result">
<tr class="param"><th>Parameter #1</th><th>Parameter #2</th><th>Parameter #3</th><th>Parameter #4</th><th>Parameter #5</th><th>Parameter #6</th><th>Parameter #7</th></tr>
<tr class="param stripe"><td>john</td>
<td>carrey</td>
<td>actor</td>
<td>FL</td>
<td>5188.0</td>
<td>2023-12-28</td>
<td>800000.0</td>
</tr>
</table>
<p class="totop"><a href="#summary">back to summary</a></p>
<h2 id="m41">myapp.tests.dataprovider.Day16_DataProvider1:test2</h2>
<table cellspacing="0" cellpadding="0" class="result">
<tr class="param"><th>Parameter #1</th><th>Parameter #2</th><th>Parameter #3</th><th>Parameter #4</th></tr>
<tr class="param stripe"><td>admin1</td>
<td>pass1</td>
<td>CEO</td>
<td>60</td>
</tr>
</table>
<p class="totop"><a href="#summary">back to summary</a></p>
<h2 id="m42">myapp.tests.dataprovider.Day16_DataProvider1:test2</h2>
<table cellspacing="0" cellpadding="0" class="result">
<tr class="param"><th>Parameter #1</th><th>Parameter #2</th><th>Parameter #3</th><th>Parameter #4</th></tr>
<tr class="param stripe"><td>admin3</td>
<td>pass3</td>
<td>CFO</td>
<td>65</td>
</tr>
</table>
<p class="totop"><a href="#summary">back to summary</a></p>
<h2 id="m43">myapp.tests.topics.Day13_DependsOnMethods:homePageTest</h2>
<p class="totop"><a href="#summary">back to summary</a></p>
<h2 id="m44">myapp.ahmetBeyHomework.UserStory3_US413123_Bad_Credentials:US413123_Bad_Credentials</h2>
<p class="totop"><a href="#summary">back to summary</a></p>
<h2 id="m45">myapp.tests.dataprovider.Day16_DataProvider1:test1</h2>
<table cellspacing="0" cellpadding="0" class="result">
<tr class="param"><th>Parameter #1</th></tr>
<tr class="param stripe"><td>tesla</td>
</tr>
</table>
<p class="totop"><a href="#summary">back to summary</a></p>
<h2 id="m46">myapp.tests.dataprovider.Day17_DataProvider2:userCreationWithDataProvider</h2>
<table cellspacing="0" cellpadding="0" class="result">
<tr class="param"><th>Parameter #1</th><th>Parameter #2</th><th>Parameter #3</th><th>Parameter #4</th><th>Parameter #5</th><th>Parameter #6</th><th>Parameter #7</th></tr>
<tr class="param stripe"><td>john</td>
<td>carrey</td>
<td>actor</td>
<td>FL</td>
<td>5188.0</td>
<td>2023-12-28</td>
<td>800000.0</td>
</tr>
</table>
<p class="totop"><a href="#summary">back to summary</a></p>
<h2 id="m47">myapp.ahmetBeyHomework.TechproLoginTest:withReasubleMethodLoginTest</h2>
<p class="totop"><a href="#summary">back to summary</a></p>
<h2 id="m48">myapp.tests.dataprovider.Day16_DataProvider1:employeeCredentialsTest</h2>
<table cellspacing="0" cellpadding="0" class="result">
<tr class="param"><th>Parameter #1</th><th>Parameter #2</th></tr>
<tr class="param stripe"><td>raj.khan@bluerentalcars.com</td>
<td>v7Hg_va^</td>
</tr>
</table>
<p class="totop"><a href="#summary">back to summary</a></p>
<h2 id="m49">myapp.tests.dataprovider.Day16_DataProvider1:test1</h2>
<table cellspacing="0" cellpadding="0" class="result">
<tr class="param"><th>Parameter #1</th></tr>
<tr class="param stripe"><td>volvo</td>
</tr>
</table>
<p class="totop"><a href="#summary">back to summary</a></p>
<h2 id="m50">myapp.tests.smoketest.Day15_US100201_Admin_Login:US100201_Admin_Login</h2>
<p class="totop"><a href="#summary">back to summary</a></p>
<h2 id="m51">myapp.tests.dataprovider.Day16_DataProvider1:test2</h2>
<table cellspacing="0" cellpadding="0" class="result">
<tr class="param"><th>Parameter #1</th><th>Parameter #2</th><th>Parameter #3</th><th>Parameter #4</th></tr>
<tr class="param stripe"><td>admin2</td>
<td>pass2</td>
<td>COO</td>
<td>56</td>
</tr>
</table>
<p class="totop"><a href="#summary">back to summary</a></p>
<h2 id="m52">myapp.tests.practices.MedunnaPatient:medunnaPatient</h2>
<table cellspacing="0" cellpadding="0" class="result">
<tr class="param"><th>Parameter #1</th><th>Parameter #2</th><th>Parameter #3</th><th>Parameter #4</th><th>Parameter #5</th><th>Parameter #6</th></tr>
<tr class="param stripe"><td>john_doe104</td>
<td>John.123</td>
<td>John</td>
<td>Doe</td>
<td>johndoe104@gmail.com</td>
<td>1.23456789E9</td>
</tr>
</table>
<p class="totop"><a href="#summary">back to summary</a></p>
<h2 id="m53">myapp.tests.dataprovider.Day16_DataProvider1:employeeCredentialsTest</h2>
<table cellspacing="0" cellpadding="0" class="result">
<tr class="param"><th>Parameter #1</th><th>Parameter #2</th></tr>
<tr class="param stripe"><td>sam.walker@bluerentalcars.com</td>
<td>c!fas_art</td>
</tr>
</table>
<p class="totop"><a href="#summary">back to summary</a></p>
<h2 id="m54">myapp.tests.topics.Day13_Annotations:test5</h2>
<p class="totop"><a href="#summary">back to summary</a></p>
<h2 id="m55">myapp.ahmetBeyHomework.Day17_DataProvider2_UserStory1:userCreationTest</h2>
<table cellspacing="0" cellpadding="0" class="result">
<tr class="param"><th>Parameter #1</th><th>Parameter #2</th><th>Parameter #3</th><th>Parameter #4</th><th>Parameter #5</th><th>Parameter #6</th><th>Parameter #7</th></tr>
<tr class="param stripe"><td>maria</td>
<td>font</td>
<td>tester</td>
<td>NYC</td>
<td>5245.0</td>
<td>2023-12-30</td>
<td>590000.0</td>
</tr>
</table>
<p class="totop"><a href="#summary">back to summary</a></p>
<h2 id="m56">myapp.tests.topics.Day13_Annotations:test4</h2>
<p class="totop"><a href="#summary">back to summary</a></p>
<h2 id="m57">myapp.tests.dataprovider.Day16_DataProvider1:test1</h2>
<table cellspacing="0" cellpadding="0" class="result">
<tr class="param"><th>Parameter #1</th></tr>
<tr class="param stripe"><td>toyota</td>
</tr>
</table>
<p class="totop"><a href="#summary">back to summary</a></p>
<h2 id="m58">myapp.tests.dataprovider.Day17_DataProvider2:userCreationWithDataProvider</h2>
<table cellspacing="0" cellpadding="0" class="result">
<tr class="param"><th>Parameter #1</th><th>Parameter #2</th><th>Parameter #3</th><th>Parameter #4</th><th>Parameter #5</th><th>Parameter #6</th><th>Parameter #7</th></tr>
<tr class="param stripe"><td>john</td>
<td>lennon</td>
<td>musician</td>
<td>LA</td>
<td>52345.0</td>
<td>2023-12-27</td>
<td>1000000.0</td>
</tr>
</table>
<p class="totop"><a href="#summary">back to summary</a></p>
<h2 id="m59">myapp.tests.listeners.Day18_ListenersTest:test1</h2>
<p class="totop"><a href="#summary">back to summary</a></p>
<h2 id="m60">myapp.tests.excelautomation.Day16_ExcelTest:userCreationWithExcel</h2>
<p class="totop"><a href="#summary">back to summary</a></p>
<h2 id="m61">myapp.tests.dataprovider.Day16_DataProvider1:test1</h2>
<table cellspacing="0" cellpadding="0" class="result">
<tr class="param"><th>Parameter #1</th></tr>
<tr class="param stripe"><td>bmw</td>
</tr>
</table>
<p class="totop"><a href="#summary">back to summary</a></p>
</body></html>
